20:11:02.124 INFO [main] org.lenskit.cli.Main: Starting LensKit 3.0-M1 on Java 1.8.0_362 from Amazon.com Inc.
20:11:02.147 DEBUG [main] org.lenskit.LenskitInfo: have 5573 active revisions
20:11:02.152 DEBUG [main] org.lenskit.cli.Main: Built from Git revision c0210fa3281ef8b15b0959bcd5fced43c5fec38a
20:11:02.153 DEBUG [main] org.lenskit.cli.Main: Using VM 'OpenJDK 64-Bit Server VM' version 25.362-b08 from Amazon.com Inc.
20:11:02.153 INFO [main] org.lenskit.cli.Main: Have 12 processors and heap limit of 3641 MiB
20:11:02.166 INFO [main] org.lenskit.cli.util.RecommenderLoader: creating fresh recommender
20:11:02.382 INFO [main] org.lenskit.config.ConfigurationLoader: loading script from file:/Users/vuminhle/recommender-java/uu-assignment/etc/user-user.groovy
20:11:02.871 DEBUG [main] org.lenskit.data.dao.file.TextEntitySource: loading source ratings with base URI file:/Users/vuminhle/recommender-java/uu-assignment/data/movielens.yml
20:11:02.871 DEBUG [main] org.lenskit.data.dao.file.TextEntitySource: resolved file URI: file:/Users/vuminhle/recommender-java/uu-assignment/data/ratings.csv
20:11:02.883 INFO [main] org.lenskit.data.dao.file.TextEntitySource: loading text file source ratings to read from file:/Users/vuminhle/recommender-java/uu-assignment/data/ratings.csv
20:11:02.889 DEBUG [main] org.lenskit.data.dao.file.TextEntitySource: ratings: using delimiter ,
20:11:02.889 DEBUG [main] org.lenskit.data.dao.file.TextEntitySource: ratings: reading header
20:11:02.889 DEBUG [main] org.lenskit.data.dao.file.TextEntitySource: ratings: reading entities of type EntityType[rating]
20:11:02.918 DEBUG [main] org.lenskit.data.dao.file.TextEntitySource: class org.lenskit.data.ratings.RatingBuilder: using entity builder {}
20:11:02.918 DEBUG [main] org.lenskit.data.dao.file.TextEntitySource: loading source movies with base URI file:/Users/vuminhle/recommender-java/uu-assignment/data/movielens.yml
20:11:02.918 DEBUG [main] org.lenskit.data.dao.file.TextEntitySource: resolved file URI: file:/Users/vuminhle/recommender-java/uu-assignment/data/movies.csv
20:11:02.918 INFO [main] org.lenskit.data.dao.file.TextEntitySource: loading text file source movies to read from file:/Users/vuminhle/recommender-java/uu-assignment/data/movies.csv
20:11:02.919 DEBUG [main] org.lenskit.data.dao.file.TextEntitySource: movies: using delimiter ,
20:11:02.919 DEBUG [main] org.lenskit.data.dao.file.TextEntitySource: movies: reading header
20:11:02.919 DEBUG [main] org.lenskit.data.dao.file.TextEntitySource: movies: reading entities of type EntityType[item]
20:11:02.919 DEBUG [main] org.lenskit.data.dao.file.TextEntitySource: class org.lenskit.data.entities.BasicEntityBuilder: using entity builder {}
20:11:02.919 DEBUG [main] org.lenskit.data.dao.file.TextEntitySource: loading source tags with base URI file:/Users/vuminhle/recommender-java/uu-assignment/data/movielens.yml
20:11:02.919 DEBUG [main] org.lenskit.data.dao.file.TextEntitySource: resolved file URI: file:/Users/vuminhle/recommender-java/uu-assignment/data/tags.csv
20:11:02.919 INFO [main] org.lenskit.data.dao.file.TextEntitySource: loading text file source tags to read from file:/Users/vuminhle/recommender-java/uu-assignment/data/tags.csv
20:11:02.919 DEBUG [main] org.lenskit.data.dao.file.TextEntitySource: tags: using delimiter ,
20:11:02.919 DEBUG [main] org.lenskit.data.dao.file.TextEntitySource: tags: reading header
20:11:02.919 DEBUG [main] org.lenskit.data.dao.file.TextEntitySource: tags: reading entities of type EntityType[item-tag]
20:11:02.919 DEBUG [main] org.lenskit.data.dao.file.TextEntitySource: class org.lenskit.data.entities.BasicEntityBuilder: using entity builder {}
20:11:02.924 DEBUG [main] org.lenskit.LenskitRecommenderEngineBuilder: building graph from 3 configurations
20:11:02.969 DEBUG [main] org.lenskit.inject.RecommenderInstantiator: replacing nodes in graph with 12 nodes
20:11:02.982 DEBUG [main] org.lenskit.inject.RecommenderInstantiator: found 3 shared nodes
20:11:02.983 DEBUG [main] org.lenskit.inject.RecommenderInstantiator: final graph has 12 nodes
20:11:02.984 INFO [main] org.lenskit.cli.util.RecommenderLoader: built recommender in 60.30 ms
20:11:03.657 INFO [main] org.lenskit.data.dao.file.StaticDataSource: deriving entity type EntityType[user] from EntityType[rating] (column TypedName[user: long])
20:11:03.742 INFO [main] org.lenskit.data.dao.file.StaticDataSource: deriving entity type EntityType[item] from EntityType[rating] (column TypedName[item: long])
20:11:03.785 DEBUG [main] org.lenskit.data.entities.EntityCollectionBuilder: built collection of 2500 entities with type EntityType[item] and 2 indexes
20:11:03.805 DEBUG [main] org.lenskit.data.entities.EntityCollectionBuilder: built collection of 264505 entities with type EntityType[rating] and 2 indexes
20:11:03.814 DEBUG [main] org.lenskit.data.entities.EntityCollectionBuilder: built collection of 94875 entities with type EntityType[item-tag] and 2 indexes
20:11:03.815 DEBUG [main] org.lenskit.data.entities.EntityCollectionBuilder: built collection of 862 entities with type EntityType[user] and 2 indexes
20:11:03.822 INFO [main] org.lenskit.cli.commands.Predict: predicting 4 items
20:11:04.005 INFO [main] org.lenskit.cli.commands.Predict: predicted for 4 items in 182.9 ms
20:11:04.006 INFO [main] org.lenskit.cli.Main: If you use LensKit in published research, please see http://lenskit.org/research/
