00:17:14.026 INFO [main] org.lenskit.cli.Main: Starting LensKit 3.0-M1 on Java 1.8.0_362 from Temurin
00:17:14.051 DEBUG [main] org.lenskit.LenskitInfo: have 5573 active revisions
00:17:14.056 DEBUG [main] org.lenskit.cli.Main: Built from Git revision c0210fa3281ef8b15b0959bcd5fced43c5fec38a
00:17:14.056 DEBUG [main] org.lenskit.cli.Main: Using VM 'OpenJDK 64-Bit Server VM' version 25.362-b09 from Temurin
00:17:14.056 INFO [main] org.lenskit.cli.Main: Have 4 processors and heap limit of 3634 MiB
00:17:14.073 INFO [main] org.lenskit.cli.util.RecommenderLoader: creating fresh recommender
00:17:14.303 INFO [main] org.lenskit.config.ConfigurationLoader: loading script from file:/F:/uu-assignment/etc/blended.groovy
00:17:14.745 DEBUG [main] org.lenskit.data.dao.file.TextEntitySource: loading source ratings with base URI file:/F:/uu-assignment/data/movielens.yml
00:17:14.745 DEBUG [main] org.lenskit.data.dao.file.TextEntitySource: resolved file URI: file:/F:/uu-assignment/data/ratings.csv
00:17:14.752 INFO [main] org.lenskit.data.dao.file.TextEntitySource: loading text file source ratings to read from file:/F:/uu-assignment/data/ratings.csv
00:17:14.759 DEBUG [main] org.lenskit.data.dao.file.TextEntitySource: ratings: using delimiter ,
00:17:14.759 DEBUG [main] org.lenskit.data.dao.file.TextEntitySource: ratings: reading header
00:17:14.759 DEBUG [main] org.lenskit.data.dao.file.TextEntitySource: ratings: reading entities of type EntityType[rating]
00:17:14.795 DEBUG [main] org.lenskit.data.dao.file.TextEntitySource: class org.lenskit.data.ratings.RatingBuilder: using entity builder {}
00:17:14.795 DEBUG [main] org.lenskit.data.dao.file.TextEntitySource: loading source movies with base URI file:/F:/uu-assignment/data/movielens.yml
00:17:14.795 DEBUG [main] org.lenskit.data.dao.file.TextEntitySource: resolved file URI: file:/F:/uu-assignment/data/movies.csv
00:17:14.796 INFO [main] org.lenskit.data.dao.file.TextEntitySource: loading text file source movies to read from file:/F:/uu-assignment/data/movies.csv
00:17:14.796 DEBUG [main] org.lenskit.data.dao.file.TextEntitySource: movies: using delimiter ,
00:17:14.796 DEBUG [main] org.lenskit.data.dao.file.TextEntitySource: movies: reading header
00:17:14.796 DEBUG [main] org.lenskit.data.dao.file.TextEntitySource: movies: reading entities of type EntityType[item]
00:17:14.796 DEBUG [main] org.lenskit.data.dao.file.TextEntitySource: class org.lenskit.data.entities.BasicEntityBuilder: using entity builder {}
00:17:14.796 DEBUG [main] org.lenskit.data.dao.file.TextEntitySource: loading source tags with base URI file:/F:/uu-assignment/data/movielens.yml
00:17:14.796 DEBUG [main] org.lenskit.data.dao.file.TextEntitySource: resolved file URI: file:/F:/uu-assignment/data/tags.csv
00:17:14.796 INFO [main] org.lenskit.data.dao.file.TextEntitySource: loading text file source tags to read from file:/F:/uu-assignment/data/tags.csv
00:17:14.796 DEBUG [main] org.lenskit.data.dao.file.TextEntitySource: tags: using delimiter ,
00:17:14.796 DEBUG [main] org.lenskit.data.dao.file.TextEntitySource: tags: reading header
00:17:14.796 DEBUG [main] org.lenskit.data.dao.file.TextEntitySource: tags: reading entities of type EntityType[item-tag]
00:17:14.796 DEBUG [main] org.lenskit.data.dao.file.TextEntitySource: class org.lenskit.data.entities.BasicEntityBuilder: using entity builder {}
00:17:14.801 DEBUG [main] org.lenskit.LenskitRecommenderEngineBuilder: building graph from 3 configurations
00:17:14.872 DEBUG [main] org.lenskit.inject.RecommenderInstantiator: replacing nodes in graph with 17 nodes
00:17:14.874 DEBUG [main] org.lenskit.inject.RecommenderInstantiator: found 6 shared nodes
00:17:15.615 INFO [main] org.lenskit.data.dao.file.StaticDataSource: deriving entity type EntityType[user] from EntityType[rating] (column TypedName[user: long])
00:17:15.664 INFO [main] org.lenskit.data.dao.file.StaticDataSource: deriving entity type EntityType[item] from EntityType[rating] (column TypedName[item: long])
00:17:15.689 DEBUG [main] org.lenskit.data.entities.EntityCollectionBuilder: built collection of 2500 entities with type EntityType[item] and 2 indexes
00:17:15.710 DEBUG [main] org.lenskit.data.entities.EntityCollectionBuilder: built collection of 264505 entities with type EntityType[rating] and 2 indexes
00:17:15.718 DEBUG [main] org.lenskit.data.entities.EntityCollectionBuilder: built collection of 94875 entities with type EntityType[item-tag] and 2 indexes
00:17:15.718 DEBUG [main] org.lenskit.data.entities.EntityCollectionBuilder: built collection of 862 entities with type EntityType[user] and 2 indexes
00:17:15.800 INFO [main] org.lenskit.data.ratings.RatingSummaryProvider: summarized 2500 items with 264505 ratings
00:17:15.838 DEBUG [main] org.lenskit.inject.RecommenderInstantiator: final graph has 17 nodes
00:17:15.839 INFO [main] org.lenskit.cli.util.RecommenderLoader: built recommender in 1.038 s
00:17:15.854 INFO [main] org.lenskit.cli.commands.Recommend: recommending for 1 users
00:17:15.861 DEBUG [main] org.lenskit.basic.TopNItemRecommender: computing effective candidates for user 320 from 2500 candidates and 62 excluded items
00:17:15.864 DEBUG [main] org.lenskit.basic.TopNItemRecommender: Computing -1 recommendations for user 320 from 2438 candidates
00:17:16.354 DEBUG [main] org.lenskit.basic.TopNItemRecommender: computing effective candidates for user 320 from 2500 candidates and 62 excluded items
00:17:16.354 DEBUG [main] org.lenskit.basic.TopNItemRecommender: Computing -1 recommendations for user 320 from 2438 candidates
00:17:16.355 DEBUG [main] org.lenskit.hybrid.RankBlendingItemRecommender: recommending for user 10 with 2438 left and 2438 right recommendations
00:17:16.367 INFO [main] org.lenskit.cli.commands.Recommend: recommended for 1 users in 512.2 ms
00:17:16.368 INFO [main] org.lenskit.cli.Main: If you use LensKit in published research, please see http://lenskit.org/research/
