10:51:02.169 INFO [main] org.lenskit.cli.Main: Starting LensKit 3.0-M1 on Java 1.8.0_362 from Temurin
10:51:02.192 DEBUG [main] org.lenskit.LenskitInfo: have 5573 active revisions
10:51:02.201 DEBUG [main] org.lenskit.cli.Main: Built from Git revision c0210fa3281ef8b15b0959bcd5fced43c5fec38a
10:51:02.201 DEBUG [main] org.lenskit.cli.Main: Using VM 'OpenJDK 64-Bit Server VM' version 25.362-b09 from Temurin
10:51:02.201 INFO [main] org.lenskit.cli.Main: Have 4 processors and heap limit of 3634 MiB
10:51:02.220 INFO [main] org.lenskit.cli.util.RecommenderLoader: creating fresh recommender
10:51:02.485 INFO [main] org.lenskit.config.ConfigurationLoader: loading script from file:/F:/ii-assignment/etc/item-item.groovy
10:51:02.911 DEBUG [main] org.lenskit.data.dao.file.TextEntitySource: loading source ratings with base URI file:/F:/ii-assignment/data/movielens.yml
10:51:02.911 DEBUG [main] org.lenskit.data.dao.file.TextEntitySource: resolved file URI: file:/F:/ii-assignment/data/ratings.csv
10:51:02.920 INFO [main] org.lenskit.data.dao.file.TextEntitySource: loading text file source ratings to read from file:/F:/ii-assignment/data/ratings.csv
10:51:02.927 DEBUG [main] org.lenskit.data.dao.file.TextEntitySource: ratings: using delimiter ,
10:51:02.927 DEBUG [main] org.lenskit.data.dao.file.TextEntitySource: ratings: reading header
10:51:02.927 DEBUG [main] org.lenskit.data.dao.file.TextEntitySource: ratings: reading entities of type EntityType[rating]
10:51:02.964 DEBUG [main] org.lenskit.data.dao.file.TextEntitySource: class org.lenskit.data.ratings.RatingBuilder: using entity builder {}
10:51:02.965 DEBUG [main] org.lenskit.data.dao.file.TextEntitySource: loading source movies with base URI file:/F:/ii-assignment/data/movielens.yml
10:51:02.965 DEBUG [main] org.lenskit.data.dao.file.TextEntitySource: resolved file URI: file:/F:/ii-assignment/data/movies.csv
10:51:02.965 INFO [main] org.lenskit.data.dao.file.TextEntitySource: loading text file source movies to read from file:/F:/ii-assignment/data/movies.csv
10:51:02.965 DEBUG [main] org.lenskit.data.dao.file.TextEntitySource: movies: using delimiter ,
10:51:02.965 DEBUG [main] org.lenskit.data.dao.file.TextEntitySource: movies: reading header
10:51:02.965 DEBUG [main] org.lenskit.data.dao.file.TextEntitySource: movies: reading entities of type EntityType[item]
10:51:02.965 DEBUG [main] org.lenskit.data.dao.file.TextEntitySource: class org.lenskit.data.entities.BasicEntityBuilder: using entity builder {}
10:51:02.965 DEBUG [main] org.lenskit.data.dao.file.TextEntitySource: loading source tags with base URI file:/F:/ii-assignment/data/movielens.yml
10:51:02.965 DEBUG [main] org.lenskit.data.dao.file.TextEntitySource: resolved file URI: file:/F:/ii-assignment/data/tags.csv
10:51:02.965 INFO [main] org.lenskit.data.dao.file.TextEntitySource: loading text file source tags to read from file:/F:/ii-assignment/data/tags.csv
10:51:02.965 DEBUG [main] org.lenskit.data.dao.file.TextEntitySource: tags: using delimiter ,
10:51:02.965 DEBUG [main] org.lenskit.data.dao.file.TextEntitySource: tags: reading header
10:51:02.965 DEBUG [main] org.lenskit.data.dao.file.TextEntitySource: tags: reading entities of type EntityType[item-tag]
10:51:02.966 DEBUG [main] org.lenskit.data.dao.file.TextEntitySource: class org.lenskit.data.entities.BasicEntityBuilder: using entity builder {}
10:51:02.973 DEBUG [main] org.lenskit.LenskitRecommenderEngineBuilder: building graph from 3 configurations
10:51:03.030 DEBUG [main] org.lenskit.inject.RecommenderInstantiator: replacing nodes in graph with 13 nodes
10:51:03.035 DEBUG [main] org.lenskit.inject.RecommenderInstantiator: found 2 shared nodes
10:51:04.167 INFO [main] org.lenskit.data.dao.file.StaticDataSource: deriving entity type EntityType[user] from EntityType[rating] (column TypedName[user: long])
10:51:04.219 INFO [main] org.lenskit.data.dao.file.StaticDataSource: deriving entity type EntityType[item] from EntityType[rating] (column TypedName[item: long])
10:51:04.244 DEBUG [main] org.lenskit.data.entities.EntityCollectionBuilder: built collection of 2500 entities with type EntityType[item] and 2 indexes
10:51:04.261 DEBUG [main] org.lenskit.data.entities.EntityCollectionBuilder: built collection of 264505 entities with type EntityType[rating] and 2 indexes
10:51:04.267 DEBUG [main] org.lenskit.data.entities.EntityCollectionBuilder: built collection of 94875 entities with type EntityType[item-tag] and 2 indexes
10:51:04.267 DEBUG [main] org.lenskit.data.entities.EntityCollectionBuilder: built collection of 862 entities with type EntityType[user] and 2 indexes
10:51:28.422 DEBUG [main] org.lenskit.inject.RecommenderInstantiator: final graph has 13 nodes
10:51:28.423 INFO [main] org.lenskit.cli.util.RecommenderLoader: built recommender in 25.45 s
10:51:28.430 INFO [main] org.lenskit.cli.commands.Recommend: recommending for 1 users
10:51:28.434 DEBUG [main] org.lenskit.basic.TopNItemRecommender: computing effective candidates for user 320 from 2500 candidates and 62 excluded items
10:51:28.435 DEBUG [main] org.lenskit.basic.TopNItemRecommender: Computing 10 recommendations for user 320 from 2438 candidates
10:51:29.254 INFO [main] org.lenskit.cli.commands.Recommend: recommended for 1 users in 824.0 ms
10:51:29.254 INFO [main] org.lenskit.cli.Main: If you use LensKit in published research, please see http://lenskit.org/research/
