22:53:17.200 INFO [main] org.lenskit.cli.Main: Starting LensKit 3.0-M1 on Java 1.8.0_362 from Temurin
22:53:17.225 DEBUG [main] org.lenskit.LenskitInfo: have 5573 active revisions
22:53:17.231 DEBUG [main] org.lenskit.cli.Main: Built from Git revision c0210fa3281ef8b15b0959bcd5fced43c5fec38a
22:53:17.231 DEBUG [main] org.lenskit.cli.Main: Using VM 'OpenJDK 64-Bit Server VM' version 25.362-b09 from Temurin
22:53:17.231 INFO [main] org.lenskit.cli.Main: Have 4 processors and heap limit of 3634 MiB
22:53:17.246 INFO [main] org.lenskit.cli.util.RecommenderLoader: creating fresh recommender
22:53:17.463 INFO [main] org.lenskit.config.ConfigurationLoader: loading script from file:/F:/nonpers-assignment/etc/simple-assoc.groovy
22:53:17.845 DEBUG [main] org.lenskit.data.dao.file.TextEntitySource: loading source ratings with base URI file:/F:/nonpers-assignment/data/movielens.yml
22:53:17.845 DEBUG [main] org.lenskit.data.dao.file.TextEntitySource: resolved file URI: file:/F:/nonpers-assignment/data/ratings.csv
22:53:17.852 INFO [main] org.lenskit.data.dao.file.TextEntitySource: loading text file source ratings to read from file:/F:/nonpers-assignment/data/ratings.csv
22:53:17.857 DEBUG [main] org.lenskit.data.dao.file.TextEntitySource: ratings: using delimiter ,
22:53:17.857 DEBUG [main] org.lenskit.data.dao.file.TextEntitySource: ratings: reading header
22:53:17.858 DEBUG [main] org.lenskit.data.dao.file.TextEntitySource: ratings: reading entities of type EntityType[rating]
22:53:17.894 DEBUG [main] org.lenskit.data.dao.file.TextEntitySource: class org.lenskit.data.ratings.RatingBuilder: using entity builder {}
22:53:17.894 DEBUG [main] org.lenskit.data.dao.file.TextEntitySource: loading source movies with base URI file:/F:/nonpers-assignment/data/movielens.yml
22:53:17.894 DEBUG [main] org.lenskit.data.dao.file.TextEntitySource: resolved file URI: file:/F:/nonpers-assignment/data/movies.csv
22:53:17.894 INFO [main] org.lenskit.data.dao.file.TextEntitySource: loading text file source movies to read from file:/F:/nonpers-assignment/data/movies.csv
22:53:17.894 DEBUG [main] org.lenskit.data.dao.file.TextEntitySource: movies: using delimiter ,
22:53:17.894 DEBUG [main] org.lenskit.data.dao.file.TextEntitySource: movies: reading header
22:53:17.894 DEBUG [main] org.lenskit.data.dao.file.TextEntitySource: movies: reading entities of type EntityType[item]
22:53:17.895 DEBUG [main] org.lenskit.data.dao.file.TextEntitySource: class org.lenskit.data.entities.BasicEntityBuilder: using entity builder {}
22:53:17.895 DEBUG [main] org.lenskit.data.dao.file.TextEntitySource: loading source tags with base URI file:/F:/nonpers-assignment/data/movielens.yml
22:53:17.895 DEBUG [main] org.lenskit.data.dao.file.TextEntitySource: resolved file URI: file:/F:/nonpers-assignment/data/tags.csv
22:53:17.895 INFO [main] org.lenskit.data.dao.file.TextEntitySource: loading text file source tags to read from file:/F:/nonpers-assignment/data/tags.csv
22:53:17.895 DEBUG [main] org.lenskit.data.dao.file.TextEntitySource: tags: using delimiter ,
22:53:17.895 DEBUG [main] org.lenskit.data.dao.file.TextEntitySource: tags: reading header
22:53:17.895 DEBUG [main] org.lenskit.data.dao.file.TextEntitySource: tags: reading entities of type EntityType[item-tag]
22:53:17.895 DEBUG [main] org.lenskit.data.dao.file.TextEntitySource: class org.lenskit.data.entities.BasicEntityBuilder: using entity builder {}
22:53:17.897 DEBUG [main] org.lenskit.LenskitRecommenderEngineBuilder: building graph from 3 configurations
22:53:17.948 DEBUG [main] org.lenskit.inject.RecommenderInstantiator: replacing nodes in graph with 9 nodes
22:53:17.952 DEBUG [main] org.lenskit.inject.RecommenderInstantiator: found 5 shared nodes
22:53:18.592 INFO [main] org.lenskit.data.dao.file.StaticDataSource: deriving entity type EntityType[user] from EntityType[rating] (column TypedName[user: long])
22:53:18.628 INFO [main] org.lenskit.data.dao.file.StaticDataSource: deriving entity type EntityType[item] from EntityType[rating] (column TypedName[item: long])
22:53:18.652 DEBUG [main] org.lenskit.data.entities.EntityCollectionBuilder: built collection of 2500 entities with type EntityType[item] and 2 indexes
22:53:18.935 DEBUG [main] org.lenskit.data.entities.EntityCollectionBuilder: built collection of 264505 entities with type EntityType[rating] and 2 indexes
22:53:18.942 DEBUG [main] org.lenskit.data.entities.EntityCollectionBuilder: built collection of 94875 entities with type EntityType[item-tag] and 2 indexes
22:53:18.943 DEBUG [main] org.lenskit.data.entities.EntityCollectionBuilder: built collection of 862 entities with type EntityType[user] and 2 indexes
22:53:33.545 DEBUG [main] org.lenskit.mooc.nonpers.assoc.AssociationModel: transforming input map for 2500 items into log data
22:53:33.698 DEBUG [main] org.lenskit.inject.RecommenderInstantiator: final graph has 9 nodes
22:53:33.699 INFO [main] org.lenskit.cli.util.RecommenderLoader: built recommender in 15.80 s
22:53:33.703 INFO [main] org.lenskit.cli.commands.GlobalRecommend: using 1 reference items: [260]
22:53:33.716 INFO [main] org.lenskit.cli.commands.GlobalRecommend: recommended in 12.50 ms
22:53:33.716 INFO [main] org.lenskit.cli.Main: If you use LensKit in published research, please see http://lenskit.org/research/
