12:39:33.921 INFO [main] org.lenskit.cli.Main: Starting LensKit 3.0-M1 on Java 1.8.0_362 from Temurin
12:39:33.945 DEBUG [main] org.lenskit.LenskitInfo: have 5573 active revisions
12:39:33.952 DEBUG [main] org.lenskit.cli.Main: Built from Git revision c0210fa3281ef8b15b0959bcd5fced43c5fec38a
12:39:33.952 DEBUG [main] org.lenskit.cli.Main: Using VM 'OpenJDK 64-Bit Server VM' version 25.362-b09 from Temurin
12:39:33.952 INFO [main] org.lenskit.cli.Main: Have 4 processors and heap limit of 3634 MiB
12:39:33.968 INFO [main] org.lenskit.cli.util.RecommenderLoader: creating fresh recommender
12:39:34.178 INFO [main] org.lenskit.config.ConfigurationLoader: loading script from file:/F:/nonpers-assignment/etc/mean.groovy
12:39:34.543 DEBUG [main] org.lenskit.data.dao.file.TextEntitySource: loading source ratings with base URI file:/F:/nonpers-assignment/data/movielens.yml
12:39:34.543 DEBUG [main] org.lenskit.data.dao.file.TextEntitySource: resolved file URI: file:/F:/nonpers-assignment/data/ratings.csv
12:39:34.550 INFO [main] org.lenskit.data.dao.file.TextEntitySource: loading text file source ratings to read from file:/F:/nonpers-assignment/data/ratings.csv
12:39:34.557 DEBUG [main] org.lenskit.data.dao.file.TextEntitySource: ratings: using delimiter ,
12:39:34.557 DEBUG [main] org.lenskit.data.dao.file.TextEntitySource: ratings: reading header
12:39:34.558 DEBUG [main] org.lenskit.data.dao.file.TextEntitySource: ratings: reading entities of type EntityType[rating]
12:39:34.594 DEBUG [main] org.lenskit.data.dao.file.TextEntitySource: class org.lenskit.data.ratings.RatingBuilder: using entity builder {}
12:39:34.594 DEBUG [main] org.lenskit.data.dao.file.TextEntitySource: loading source movies with base URI file:/F:/nonpers-assignment/data/movielens.yml
12:39:34.594 DEBUG [main] org.lenskit.data.dao.file.TextEntitySource: resolved file URI: file:/F:/nonpers-assignment/data/movies.csv
12:39:34.594 INFO [main] org.lenskit.data.dao.file.TextEntitySource: loading text file source movies to read from file:/F:/nonpers-assignment/data/movies.csv
12:39:34.594 DEBUG [main] org.lenskit.data.dao.file.TextEntitySource: movies: using delimiter ,
12:39:34.594 DEBUG [main] org.lenskit.data.dao.file.TextEntitySource: movies: reading header
12:39:34.594 DEBUG [main] org.lenskit.data.dao.file.TextEntitySource: movies: reading entities of type EntityType[item]
12:39:34.594 DEBUG [main] org.lenskit.data.dao.file.TextEntitySource: class org.lenskit.data.entities.BasicEntityBuilder: using entity builder {}
12:39:34.594 DEBUG [main] org.lenskit.data.dao.file.TextEntitySource: loading source tags with base URI file:/F:/nonpers-assignment/data/movielens.yml
12:39:34.595 DEBUG [main] org.lenskit.data.dao.file.TextEntitySource: resolved file URI: file:/F:/nonpers-assignment/data/tags.csv
12:39:34.595 INFO [main] org.lenskit.data.dao.file.TextEntitySource: loading text file source tags to read from file:/F:/nonpers-assignment/data/tags.csv
12:39:34.595 DEBUG [main] org.lenskit.data.dao.file.TextEntitySource: tags: using delimiter ,
12:39:34.595 DEBUG [main] org.lenskit.data.dao.file.TextEntitySource: tags: reading header
12:39:34.595 DEBUG [main] org.lenskit.data.dao.file.TextEntitySource: tags: reading entities of type EntityType[item-tag]
12:39:34.595 DEBUG [main] org.lenskit.data.dao.file.TextEntitySource: class org.lenskit.data.entities.BasicEntityBuilder: using entity builder {}
12:39:34.599 DEBUG [main] org.lenskit.LenskitRecommenderEngineBuilder: building graph from 3 configurations
12:39:34.645 DEBUG [main] org.lenskit.inject.RecommenderInstantiator: replacing nodes in graph with 9 nodes
12:39:34.652 DEBUG [main] org.lenskit.inject.RecommenderInstantiator: found 5 shared nodes
12:39:35.292 INFO [main] org.lenskit.data.dao.file.StaticDataSource: deriving entity type EntityType[user] from EntityType[rating] (column TypedName[user: long])
12:39:35.338 INFO [main] org.lenskit.data.dao.file.StaticDataSource: deriving entity type EntityType[item] from EntityType[rating] (column TypedName[item: long])
12:39:35.356 DEBUG [main] org.lenskit.data.entities.EntityCollectionBuilder: built collection of 2500 entities with type EntityType[item] and 2 indexes
12:39:35.625 DEBUG [main] org.lenskit.data.entities.EntityCollectionBuilder: built collection of 264505 entities with type EntityType[rating] and 2 indexes
12:39:35.631 DEBUG [main] org.lenskit.data.entities.EntityCollectionBuilder: built collection of 94875 entities with type EntityType[item-tag] and 2 indexes
12:39:35.631 DEBUG [main] org.lenskit.data.entities.EntityCollectionBuilder: built collection of 862 entities with type EntityType[user] and 2 indexes
12:39:35.689 INFO [main] org.lenskit.mooc.nonpers.mean.ItemMeanModelProvider: computed mean ratings for 2500 items
12:39:35.702 DEBUG [main] org.lenskit.inject.RecommenderInstantiator: final graph has 9 nodes
12:39:35.703 INFO [main] org.lenskit.cli.util.RecommenderLoader: built recommender in 1.104 s
12:39:35.706 INFO [main] org.lenskit.cli.commands.GlobalRecommend: using 0 reference items: []
12:39:35.707 INFO [main] org.lenskit.mooc.nonpers.mean.MeanItemBasedItemRecommender: computing 10 recommendations from 2500 items
12:39:35.757 INFO [main] org.lenskit.cli.commands.GlobalRecommend: recommended in 50.25 ms
12:39:35.757 INFO [main] org.lenskit.cli.Main: If you use LensKit in published research, please see http://lenskit.org/research/
